<?xml version="1.0" encoding="UTF-8"?>
<robot generator="Robot 7.1.1 (Python 3.13.0 on win32)" generated="2024-11-23T14:05:54.462716" rpa="false" schemaversion="5">
<suite id="s1" name="CRM" source="C:\development\robot-scripts\PageObjects\tests\CRM.robot">
<kw name="Insering test data" owner="Common" type="SETUP">
<kw name="Log" owner="BuiltIn">
<msg time="2024-11-23T14:05:54.949830" level="INFO">insering test data..</msg>
<arg>insering test data..</arg>
<doc>Logs the given message with the given level.</doc>
<status status="PASS" start="2024-11-23T14:05:54.949671" elapsed="0.000227"/>
</kw>
<status status="PASS" start="2024-11-23T14:05:54.949002" elapsed="0.001007"/>
</kw>
<test id="s1-t1" name="Customer login" line="19">
<kw name="Open the browser" owner="Common" type="SETUP">
<kw name="Open Browser" owner="SeleniumLibrary">
<msg time="2024-11-23T14:05:54.951142" level="INFO">Opening browser 'chrome' to base url 'about:blank'.</msg>
<arg>about:blank</arg>
<arg>chrome</arg>
<doc>Opens a new browser instance to the optional ``url``.</doc>
<status status="PASS" start="2024-11-23T14:05:54.950953" elapsed="3.257190"/>
</kw>
<status status="PASS" start="2024-11-23T14:05:54.950664" elapsed="3.257808"/>
</kw>
<kw name="Set Selenium Speed" owner="SeleniumLibrary">
<arg>.2s</arg>
<doc>Sets the delay that is waited after each Selenium command.</doc>
<status status="PASS" start="2024-11-23T14:05:58.209099" elapsed="0.000575"/>
</kw>
<kw name="Set Selenium Timeout" owner="SeleniumLibrary">
<arg>5s</arg>
<doc>Sets the timeout that is used by various keywords.</doc>
<status status="PASS" start="2024-11-23T14:05:58.210576" elapsed="0.203298"/>
</kw>
<kw name="Sign in" owner="CRM">
<kw name="Load" owner="LandingPage">
<kw name="Go To" owner="SeleniumLibrary">
<msg time="2024-11-23T14:05:58.416985" level="INFO">Opening url 'https://automationplayground.com/crm/'</msg>
<arg>https://automationplayground.com/crm/</arg>
<doc>Navigates the current browser window to the provided ``url``.</doc>
<status status="PASS" start="2024-11-23T14:05:58.416606" elapsed="2.538142"/>
</kw>
<kw name="Maximize Browser Window" owner="SeleniumLibrary">
<doc>Maximizes current browser window.</doc>
<status status="PASS" start="2024-11-23T14:06:00.955059" elapsed="0.230209"/>
</kw>
<status status="PASS" start="2024-11-23T14:05:58.415905" elapsed="2.769596"/>
</kw>
<kw name="Verify Page Loaded" owner="LandingPage">
<kw name="Wait Until Page Contains" owner="SeleniumLibrary">
<arg>Customers Are Priority One!</arg>
<doc>Waits until ``text`` appears on the current page.</doc>
<status status="PASS" start="2024-11-23T14:06:01.186252" elapsed="0.229636"/>
</kw>
<status status="PASS" start="2024-11-23T14:06:01.185892" elapsed="0.230129"/>
</kw>
<kw name="Click Link" owner="SeleniumLibrary">
<msg time="2024-11-23T14:06:01.417051" level="INFO">Clicking link 'css=#SignIn'.</msg>
<arg>css=#SignIn</arg>
<doc>Clicks a link identified by ``locator``.</doc>
<status status="PASS" start="2024-11-23T14:06:01.416157" elapsed="1.038291"/>
</kw>
<kw name="Sleep" owner="BuiltIn">
<msg time="2024-11-23T14:06:05.455476" level="INFO">Slept 3 seconds.</msg>
<arg>3s</arg>
<doc>Pauses the test executed for the given time.</doc>
<status status="PASS" start="2024-11-23T14:06:02.454699" elapsed="3.000925"/>
</kw>
<kw name="Page Should Contain" owner="SeleniumLibrary">
<msg time="2024-11-23T14:06:05.876333" level="INFO">Current page contains text 'Login'.</msg>
<arg>Login</arg>
<doc>Verifies that current page contains ``text``.</doc>
<status status="PASS" start="2024-11-23T14:06:05.455868" elapsed="0.420592"/>
</kw>
<kw name="Input Text" owner="SeleniumLibrary">
<msg time="2024-11-23T14:06:05.876871" level="INFO">Typing text 'admin@robotframeworktutorial.com' into text field 'id=email-id'.</msg>
<arg>id=email-id</arg>
<arg>admin@robotframeworktutorial.com</arg>
<doc>Types the given ``text`` into the text field identified by ``locator``.</doc>
<status status="PASS" start="2024-11-23T14:06:05.876649" elapsed="0.766406"/>
</kw>
<kw name="Input Text" owner="SeleniumLibrary">
<msg time="2024-11-23T14:06:06.643874" level="INFO">Typing text 'qwe' into text field 'id=password'.</msg>
<arg>id=password</arg>
<arg>qwe</arg>
<doc>Types the given ``text`` into the text field identified by ``locator``.</doc>
<status status="PASS" start="2024-11-23T14:06:06.643464" elapsed="0.716029"/>
</kw>
<kw name="Click Button" owner="SeleniumLibrary">
<msg time="2024-11-23T14:06:07.359954" level="INFO">Clicking button 'Submit'.</msg>
<arg>Submit</arg>
<doc>Clicks the button identified by ``locator``.</doc>
<status status="PASS" start="2024-11-23T14:06:07.359733" elapsed="1.291719"/>
</kw>
<kw name="Wait Until Page Contains" owner="SeleniumLibrary">
<arg>Our Happy Customers</arg>
<doc>Waits until ``text`` appears on the current page.</doc>
<status status="PASS" start="2024-11-23T14:06:08.651684" elapsed="0.512501"/>
</kw>
<status status="PASS" start="2024-11-23T14:05:58.414911" elapsed="10.749568"/>
</kw>
<kw name="close the browser" owner="Common" type="TEARDOWN">
<kw name="Close Browser" owner="SeleniumLibrary">
<doc>Closes the current browser.</doc>
<status status="PASS" start="2024-11-23T14:06:09.165786" elapsed="4.427290"/>
</kw>
<status status="PASS" start="2024-11-23T14:06:09.165184" elapsed="4.428133"/>
</kw>
<tag>smoke</tag>
<status status="PASS" start="2024-11-23T14:05:54.950100" elapsed="18.653181"/>
</test>
<test id="s1-t2" name="Add new customer" line="27">
<kw name="Open the browser" owner="Common" type="SETUP">
<kw name="Open Browser" owner="SeleniumLibrary">
<msg time="2024-11-23T14:06:13.613089" level="INFO">Opening browser 'chrome' to base url 'about:blank'.</msg>
<arg>about:blank</arg>
<arg>chrome</arg>
<doc>Opens a new browser instance to the optional ``url``.</doc>
<status status="PASS" start="2024-11-23T14:06:13.612711" elapsed="6.265765"/>
</kw>
<status status="PASS" start="2024-11-23T14:06:13.612023" elapsed="6.266747"/>
</kw>
<kw name="Set Selenium Speed" owner="SeleniumLibrary">
<arg>.2s</arg>
<doc>Sets the delay that is waited after each Selenium command.</doc>
<status status="PASS" start="2024-11-23T14:06:19.880401" elapsed="0.000525"/>
</kw>
<kw name="Set Selenium Timeout" owner="SeleniumLibrary">
<arg>5s</arg>
<doc>Sets the timeout that is used by various keywords.</doc>
<status status="PASS" start="2024-11-23T14:06:19.883522" elapsed="0.203531"/>
</kw>
<kw name="Sign in" owner="CRM">
<kw name="Load" owner="LandingPage">
<kw name="Go To" owner="SeleniumLibrary">
<msg time="2024-11-23T14:06:20.089306" level="INFO">Opening url 'https://automationplayground.com/crm/'</msg>
<arg>https://automationplayground.com/crm/</arg>
<doc>Navigates the current browser window to the provided ``url``.</doc>
<status status="PASS" start="2024-11-23T14:06:20.089039" elapsed="1.503854"/>
</kw>
<kw name="Maximize Browser Window" owner="SeleniumLibrary">
<doc>Maximizes current browser window.</doc>
<status status="PASS" start="2024-11-23T14:06:21.593221" elapsed="0.243103"/>
</kw>
<status status="PASS" start="2024-11-23T14:06:20.088520" elapsed="1.748010"/>
</kw>
<kw name="Verify Page Loaded" owner="LandingPage">
<kw name="Wait Until Page Contains" owner="SeleniumLibrary">
<arg>Customers Are Priority One!</arg>
<doc>Waits until ``text`` appears on the current page.</doc>
<status status="PASS" start="2024-11-23T14:06:21.837338" elapsed="0.224916"/>
</kw>
<status status="PASS" start="2024-11-23T14:06:21.836846" elapsed="0.225561"/>
</kw>
<kw name="Click Link" owner="SeleniumLibrary">
<msg time="2024-11-23T14:06:22.062794" level="INFO">Clicking link 'css=#SignIn'.</msg>
<arg>css=#SignIn</arg>
<doc>Clicks a link identified by ``locator``.</doc>
<status status="PASS" start="2024-11-23T14:06:22.062576" elapsed="1.047991"/>
</kw>
<kw name="Sleep" owner="BuiltIn">
<msg time="2024-11-23T14:06:26.112734" level="INFO">Slept 3 seconds.</msg>
<arg>3s</arg>
<doc>Pauses the test executed for the given time.</doc>
<status status="PASS" start="2024-11-23T14:06:23.111786" elapsed="3.001053"/>
</kw>
<kw name="Page Should Contain" owner="SeleniumLibrary">
<msg time="2024-11-23T14:06:26.531926" level="INFO">Current page contains text 'Login'.</msg>
<arg>Login</arg>
<doc>Verifies that current page contains ``text``.</doc>
<status status="PASS" start="2024-11-23T14:06:26.113262" elapsed="0.418827"/>
</kw>
<kw name="Input Text" owner="SeleniumLibrary">
<msg time="2024-11-23T14:06:26.532737" level="INFO">Typing text 'admin@robotframeworktutorial.com' into text field 'id=email-id'.</msg>
<arg>id=email-id</arg>
<arg>admin@robotframeworktutorial.com</arg>
<doc>Types the given ``text`` into the text field identified by ``locator``.</doc>
<status status="PASS" start="2024-11-23T14:06:26.532374" elapsed="0.736030"/>
</kw>
<kw name="Input Text" owner="SeleniumLibrary">
<msg time="2024-11-23T14:06:27.268967" level="INFO">Typing text 'qwe' into text field 'id=password'.</msg>
<arg>id=password</arg>
<arg>qwe</arg>
<doc>Types the given ``text`` into the text field identified by ``locator``.</doc>
<status status="PASS" start="2024-11-23T14:06:27.268692" elapsed="0.693621"/>
</kw>
<kw name="Click Button" owner="SeleniumLibrary">
<msg time="2024-11-23T14:06:27.962863" level="INFO">Clicking button 'Submit'.</msg>
<arg>Submit</arg>
<doc>Clicks the button identified by ``locator``.</doc>
<status status="PASS" start="2024-11-23T14:06:27.962610" elapsed="2.435319"/>
</kw>
<kw name="Wait Until Page Contains" owner="SeleniumLibrary">
<arg>Our Happy Customers</arg>
<doc>Waits until ``text`` appears on the current page.</doc>
<status status="PASS" start="2024-11-23T14:06:30.398328" elapsed="0.285402"/>
</kw>
<status status="PASS" start="2024-11-23T14:06:20.087849" elapsed="10.596151"/>
</kw>
<kw name="Add customer" owner="CRM">
<kw name="Click Link" owner="SeleniumLibrary">
<msg time="2024-11-23T14:06:30.703792" level="INFO">Clicking link 'New Customer'.</msg>
<arg>New Customer</arg>
<doc>Clicks a link identified by ``locator``.</doc>
<status status="PASS" start="2024-11-23T14:06:30.703173" elapsed="1.534466"/>
</kw>
<kw name="Wait Until Page Contains" owner="SeleniumLibrary">
<arg>Add Customer</arg>
<doc>Waits until ``text`` appears on the current page.</doc>
<status status="PASS" start="2024-11-23T14:06:32.237897" elapsed="0.223905"/>
</kw>
<kw name="Input Text" owner="SeleniumLibrary">
<msg time="2024-11-23T14:06:32.462622" level="INFO">Typing text 'amithbv@gmail.com' into text field 'id=EmailAddress'.</msg>
<arg>id=EmailAddress</arg>
<arg>amithbv@gmail.com</arg>
<doc>Types the given ``text`` into the text field identified by ``locator``.</doc>
<status status="PASS" start="2024-11-23T14:06:32.462161" elapsed="0.830870"/>
</kw>
<kw name="Input Text" owner="SeleniumLibrary">
<msg time="2024-11-23T14:06:33.293912" level="INFO">Typing text 'Amith' into text field 'id=FirstName'.</msg>
<arg>id=FirstName</arg>
<arg>Amith</arg>
<doc>Types the given ``text`` into the text field identified by ``locator``.</doc>
<status status="PASS" start="2024-11-23T14:06:33.293504" elapsed="0.761047"/>
</kw>
<kw name="Input Text" owner="SeleniumLibrary">
<msg time="2024-11-23T14:06:34.055348" level="INFO">Typing text 'BV' into text field 'id=LastName'.</msg>
<arg>id=LastName</arg>
<arg>BV</arg>
<doc>Types the given ``text`` into the text field identified by ``locator``.</doc>
<status status="PASS" start="2024-11-23T14:06:34.055008" elapsed="0.768678"/>
</kw>
<kw name="Input Text" owner="SeleniumLibrary">
<msg time="2024-11-23T14:06:34.824823" level="INFO">Typing text 'Bangalore' into text field 'id=City'.</msg>
<arg>id=City</arg>
<arg>Bangalore</arg>
<doc>Types the given ``text`` into the text field identified by ``locator``.</doc>
<status status="PASS" start="2024-11-23T14:06:34.824405" elapsed="1.857335"/>
</kw>
<kw name="Select From List By Value" owner="SeleniumLibrary">
<msg time="2024-11-23T14:06:36.682674" level="INFO">Selecting options from selection list 'id=StateOrRegion' by value NY.</msg>
<arg>id=StateOrRegion</arg>
<arg>NY</arg>
<doc>Selects options from selection list ``locator`` by ``values``.</doc>
<status status="PASS" start="2024-11-23T14:06:36.682158" elapsed="1.959558"/>
</kw>
<kw name="Select Radio Button" owner="SeleniumLibrary">
<msg time="2024-11-23T14:06:38.642426" level="INFO">Selecting 'male' from radio button 'gender'.</msg>
<arg>gender</arg>
<arg>male</arg>
<doc>Sets the radio button group ``group_name`` to ``value``.</doc>
<status status="PASS" start="2024-11-23T14:06:38.642102" elapsed="0.781690"/>
</kw>
<kw name="Select Checkbox" owner="SeleniumLibrary">
<msg time="2024-11-23T14:06:39.424588" level="INFO">Selecting checkbox 'name=promos-name'.</msg>
<arg>name=promos-name</arg>
<doc>Selects the checkbox identified by ``locator``.</doc>
<status status="PASS" start="2024-11-23T14:06:39.424177" elapsed="1.592189"/>
</kw>
<kw name="Click Button" owner="SeleniumLibrary">
<msg time="2024-11-23T14:06:41.017431" level="INFO">Clicking button 'Submit'.</msg>
<arg>Submit</arg>
<doc>Clicks the button identified by ``locator``.</doc>
<status status="PASS" start="2024-11-23T14:06:41.016761" elapsed="2.341493"/>
</kw>
<status status="PASS" start="2024-11-23T14:06:30.702388" elapsed="12.656112"/>
</kw>
<kw name="verify success" owner="CRM">
<kw name="Wait Until Page Contains" owner="SeleniumLibrary">
<arg>Success! New customer added.</arg>
<doc>Waits until ``text`` appears on the current page.</doc>
<status status="PASS" start="2024-11-23T14:06:43.359667" elapsed="0.219871"/>
</kw>
<kw name="Sleep" owner="BuiltIn">
<msg time="2024-11-23T14:06:48.580718" level="INFO">Slept 5 seconds.</msg>
<arg>5s</arg>
<doc>Pauses the test executed for the given time.</doc>
<status status="PASS" start="2024-11-23T14:06:43.579982" elapsed="5.000880"/>
</kw>
<status status="PASS" start="2024-11-23T14:06:43.359115" elapsed="5.221897"/>
</kw>
<kw name="close the browser" owner="Common" type="TEARDOWN">
<kw name="Close Browser" owner="SeleniumLibrary">
<doc>Closes the current browser.</doc>
<status status="PASS" start="2024-11-23T14:06:48.581751" elapsed="2.444610"/>
</kw>
<status status="PASS" start="2024-11-23T14:06:48.581468" elapsed="2.445134"/>
</kw>
<tag>smoke</tag>
<status status="PASS" start="2024-11-23T14:06:13.606590" elapsed="37.420382"/>
</test>
<kw name="Cleanup test data" owner="Common" type="TEARDOWN">
<kw name="Log" owner="BuiltIn">
<msg time="2024-11-23T14:06:51.030030" level="INFO">cleanup test data..</msg>
<arg>cleanup test data..</arg>
<doc>Logs the given message with the given level.</doc>
<status status="PASS" start="2024-11-23T14:06:51.029727" elapsed="0.000453"/>
</kw>
<status status="PASS" start="2024-11-23T14:06:51.029162" elapsed="0.001239"/>
</kw>
<status status="PASS" start="2024-11-23T14:05:54.465322" elapsed="56.565204"/>
</suite>
<statistics>
<total>
<stat pass="2" fail="0" skip="0">All Tests</stat>
</total>
<tag>
<stat pass="2" fail="0" skip="0">smoke</stat>
</tag>
<suite>
<stat pass="2" fail="0" skip="0" id="s1" name="CRM">CRM</stat>
</suite>
</statistics>
<errors>
</errors>
</robot>
